This is pdfTeX, Version 3.1415926-2.5-1.40.14 (MiKTeX 2.9 64-bit) (preloaded format=pdftex 2015.4.11)  10 MAY 2015 23:46
entering extended mode
**C:/Users/Vinicius/Desktop/ProjetoLicenciatura1/TCC/referencias/referencias.bi
b

(C:/Users/Vinicius/Desktop/ProjetoLicenciatura1/TCC/referencias/referencias.bib
! Missing $ inserted.
<inserted text> 
                $
<to be read again> 
                   _
l.5 	issue_
           date = {October 2009},
? 
! Emergency stop.
<inserted text> 
                $
<to be read again> 
                   _
l.5 	issue_
           date = {October 2009},
End of file on the terminal!

!  ==> Fatal error occurred, no output PDF file produced!
